[22:50:54] [main/INFO] (FabricLoader/GameProvider) Loading Minecraft 1.21.1 with Fabric Loader 0.16.5
[22:50:54] [main/DEBUG] (FabricLoader/GamePatch) Found game constructor: net.minecraft.server.Main -> net/minecraft/server/Main
[22:50:54] [main/DEBUG] (FabricLoader/GamePatch) Patching game constructor main([Ljava/lang/String;)V
[22:50:54] [main/DEBUG] (FabricLoader/GamePatch) 20w22a+ detected, patching main method...
[22:50:54] [main/DEBUG] (FabricLoader/GamePatch) Detected version above 20w22a
[22:50:54] [main/DEBUG] (FabricLoader/GamePatch) Applying brand name hook to net/minecraft/client/ClientBrandRetriever::getClientModName
[22:50:54] [main/DEBUG] (FabricLoader/GamePatch) Applying brand name hook to net/minecraft/server/MinecraftServer::getServerModName
[22:50:54] [main/DEBUG] (FabricLoader/GamePatch) Patched 3 classs
[22:50:54] [main/DEBUG] (FabricLoader/Discovery) Mod discovery time: 45.8 ms
[22:50:54] [main/DEBUG] (FabricLoader/Resolution) Mod resolution time: 85.2 ms
[22:50:54] [main/INFO] (FabricLoader) Loading 43 mods:
	- basemod 1.0.0
	- fabric-api 0.104.0+1.21.1
	- fabric-api-base 0.4.42+6573ed8c19
	- fabric-api-lookup-api-v1 1.6.68+b559734419
	- fabric-biome-api-v1 13.0.29+5bd9f1bc19
	- fabric-block-api-v1 1.0.22+0af3f5a719
	- fabric-block-view-api-v2 1.0.10+6573ed8c19
	- fabric-command-api-v1 1.2.49+f71b366f19
	- fabric-command-api-v2 2.2.28+6ced4dd919
	- fabric-commands-v0 0.2.66+df3654b319
	- fabric-content-registries-v0 8.0.16+b559734419
	- fabric-convention-tags-v1 2.0.22+7f945d5b19
	- fabric-convention-tags-v2 2.7.0+4053855719
	- fabric-crash-report-info-v1 0.2.29+0af3f5a719
	- fabric-data-attachment-api-v1 1.1.28+1daea21519
	- fabric-data-generation-api-v1 20.2.19+16c4ae2519
	- fabric-dimensions-v1 4.0.0+6fc22b9919
	- fabric-entity-events-v1 1.7.0+2122d82819
	- fabric-events-interaction-v0 0.7.12+ba9dae0619
	- fabric-game-rule-api-v1 1.0.53+6ced4dd919
	- fabric-gametest-api-v1 2.0.4+6fc22b9919
	- fabric-item-api-v1 11.0.0+afdfc92119
	- fabric-item-group-api-v1 4.1.5+3fc0e55219
	- fabric-lifecycle-events-v1 2.3.12+6c1df36019
	- fabric-loot-api-v2 3.0.14+3f89f5a519
	- fabric-loot-api-v3 1.0.2+3f89f5a519
	- fabric-message-api-v1 6.0.13+6573ed8c19
	- fabric-networking-api-v1 4.2.2+60c3209b19
	- fabric-object-builder-api-v1 15.2.0+40875a9319
	- fabric-particles-v1 4.0.2+6573ed8c19
	- fabric-recipe-api-v1 5.0.12+6508971219
	- fabric-registry-sync-v0 5.1.2+60c3209b19
	- fabric-rendering-data-attachment-v1 0.3.48+73761d2e19
	- fabric-rendering-fluids-v1 3.1.6+1daea21519
	- fabric-resource-conditions-api-v1 4.3.0+8dc279b119
	- fabric-resource-loader-v0 1.3.0+5659912919
	- fabric-screen-handler-api-v1 1.3.86+b559734419
	- fabric-transfer-api-v1 5.2.0+d38f898f19
	- fabric-transitive-access-wideners-v1 6.1.0+1daea21519
	- fabricloader 0.16.5
	- java 21
	- minecraft 1.21.1
	- mixinextras 0.4.1
[22:50:54] [main/DEBUG] (FabricLoader/Knot) Adding C:\Users\konko_t1pm617\Documents\GitHub\Base-Mod-1.21.1\.gradle\loom-cache\remapped_mods\net_fabricmc_yarn_1_21_1_1_21_1_build_3_v2\net\fabricmc\fabric-api\fabric-commands-v0\0.2.66+df3654b319\fabric-commands-v0-0.2.66+df3654b319.jar to classpath.
[22:50:54] [main/DEBUG] (FabricLoader/Knot) Adding C:\Users\konko_t1pm617\Documents\GitHub\Base-Mod-1.21.1\.gradle\loom-cache\remapped_mods\net_fabricmc_yarn_1_21_1_1_21_1_build_3_v2\net\fabricmc\fabric-api\fabric-object-builder-api-v1\15.2.0+40875a9319\fabric-object-builder-api-v1-15.2.0+40875a9319.jar to classpath.
[22:50:54] [main/DEBUG] (FabricLoader/Knot) Adding C:\Users\konko_t1pm617\Documents\GitHub\Base-Mod-1.21.1\.gradle\loom-cache\remapped_mods\net_fabricmc_yarn_1_21_1_1_21_1_build_3_v2\net\fabricmc\fabric-api\fabric-resource-loader-v0\1.3.0+5659912919\fabric-resource-loader-v0-1.3.0+5659912919.jar to classpath.
[22:50:54] [main/DEBUG] (FabricLoader/Knot) Adding C:\Users\konko_t1pm617\Documents\GitHub\Base-Mod-1.21.1\.gradle\loom-cache\remapped_mods\net_fabricmc_yarn_1_21_1_1_21_1_build_3_v2\net\fabricmc\fabric-api\fabric-loot-api-v3\1.0.2+3f89f5a519\fabric-loot-api-v3-1.0.2+3f89f5a519.jar to classpath.
[22:50:54] [main/DEBUG] (FabricLoader/Knot) Adding C:\Users\konko_t1pm617\Documents\GitHub\Base-Mod-1.21.1\.gradle\loom-cache\remapped_mods\net_fabricmc_yarn_1_21_1_1_21_1_build_3_v2\net\fabricmc\fabric-api\fabric-events-interaction-v0\0.7.12+ba9dae0619\fabric-events-interaction-v0-0.7.12+ba9dae0619.jar to classpath.
[22:50:54] [main/DEBUG] (FabricLoader/Knot) Adding C:\Users\konko_t1pm617\Documents\GitHub\Base-Mod-1.21.1\.gradle\loom-cache\remapped_mods\net_fabricmc_yarn_1_21_1_1_21_1_build_3_v2\net\fabricmc\fabric-api\fabric-content-registries-v0\8.0.16+b559734419\fabric-content-registries-v0-8.0.16+b559734419.jar to classpath.
[22:50:54] [main/DEBUG] (FabricLoader/Knot) Adding C:\Users\konko_t1pm617\Documents\GitHub\Base-Mod-1.21.1\.gradle\loom-cache\remapped_mods\net_fabricmc_yarn_1_21_1_1_21_1_build_3_v2\net\fabricmc\fabric-api\fabric-gametest-api-v1\2.0.4+6fc22b9919\fabric-gametest-api-v1-2.0.4+6fc22b9919.jar to classpath.
[22:50:54] [main/DEBUG] (FabricLoader/Knot) Adding C:\Users\konko_t1pm617\Documents\GitHub\Base-Mod-1.21.1\.gradle\loom-cache\remapped_mods\net_fabricmc_yarn_1_21_1_1_21_1_build_3_v2\net\fabricmc\fabric-api\fabric-block-view-api-v2\1.0.10+6573ed8c19\fabric-block-view-api-v2-1.0.10+6573ed8c19.jar to classpath.
[22:50:54] [main/DEBUG] (FabricLoader/Knot) Adding C:\Users\konko_t1pm617\Documents\GitHub\Base-Mod-1.21.1\build\resources\main to classpath.
[22:50:54] [main/DEBUG] (FabricLoader/Knot) Adding C:\Users\konko_t1pm617\Documents\GitHub\Base-Mod-1.21.1\.gradle\loom-cache\remapped_mods\net_fabricmc_yarn_1_21_1_1_21_1_build_3_v2\net\fabricmc\fabric-api\fabric-api-lookup-api-v1\1.6.68+b559734419\fabric-api-lookup-api-v1-1.6.68+b559734419.jar to classpath.
[22:50:54] [main/DEBUG] (FabricLoader/Knot) Adding C:\Users\konko_t1pm617\Documents\GitHub\Base-Mod-1.21.1\.gradle\loom-cache\remapped_mods\net_fabricmc_yarn_1_21_1_1_21_1_build_3_v2\net\fabricmc\fabric-api\fabric-resource-conditions-api-v1\4.3.0+8dc279b119\fabric-resource-conditions-api-v1-4.3.0+8dc279b119.jar to classpath.
[22:50:54] [main/DEBUG] (FabricLoader/Knot) Adding C:\Users\konko_t1pm617\Documents\GitHub\Base-Mod-1.21.1\.gradle\loom-cache\remapped_mods\net_fabricmc_yarn_1_21_1_1_21_1_build_3_v2\net\fabricmc\fabric-api\fabric-data-generation-api-v1\20.2.19+16c4ae2519\fabric-data-generation-api-v1-20.2.19+16c4ae2519.jar to classpath.
[22:50:54] [main/DEBUG] (FabricLoader/Knot) Adding C:\Users\konko_t1pm617\Documents\GitHub\Base-Mod-1.21.1\.gradle\loom-cache\remapped_mods\net_fabricmc_yarn_1_21_1_1_21_1_build_3_v2\net\fabricmc\fabric-api\fabric-dimensions-v1\4.0.0+6fc22b9919\fabric-dimensions-v1-4.0.0+6fc22b9919.jar to classpath.
[22:50:54] [main/DEBUG] (FabricLoader/Knot) Adding C:\Users\konko_t1pm617\Documents\GitHub\Base-Mod-1.21.1\.gradle\loom-cache\remapped_mods\net_fabricmc_yarn_1_21_1_1_21_1_build_3_v2\net\fabricmc\fabric-api\fabric-api-base\0.4.42+6573ed8c19\fabric-api-base-0.4.42+6573ed8c19.jar to classpath.
[22:50:54] [main/DEBUG] (FabricLoader/Knot) Adding C:\Users\konko_t1pm617\Documents\GitHub\Base-Mod-1.21.1\.gradle\loom-cache\remapped_mods\net_fabricmc_yarn_1_21_1_1_21_1_build_3_v2\net\fabricmc\fabric-api\fabric-item-api-v1\11.0.0+afdfc92119\fabric-item-api-v1-11.0.0+afdfc92119.jar to classpath.
[22:50:54] [main/DEBUG] (FabricLoader/Knot) Adding C:\Users\konko_t1pm617\Documents\GitHub\Base-Mod-1.21.1\.gradle\loom-cache\remapped_mods\net_fabricmc_yarn_1_21_1_1_21_1_build_3_v2\net\fabricmc\fabric-api\fabric-loot-api-v2\3.0.14+3f89f5a519\fabric-loot-api-v2-3.0.14+3f89f5a519.jar to classpath.
[22:50:54] [main/DEBUG] (FabricLoader/Knot) Adding C:\Users\konko_t1pm617\Documents\GitHub\Base-Mod-1.21.1\.gradle\loom-cache\remapped_mods\net_fabricmc_yarn_1_21_1_1_21_1_build_3_v2\net\fabricmc\fabric-api\fabric-game-rule-api-v1\1.0.53+6ced4dd919\fabric-game-rule-api-v1-1.0.53+6ced4dd919.jar to classpath.
[22:50:54] [main/DEBUG] (FabricLoader/Knot) Adding C:\Users\konko_t1pm617\Documents\GitHub\Base-Mod-1.21.1\.gradle\loom-cache\remapped_mods\net_fabricmc_yarn_1_21_1_1_21_1_build_3_v2\net\fabricmc\fabric-api\fabric-lifecycle-events-v1\2.3.12+6c1df36019\fabric-lifecycle-events-v1-2.3.12+6c1df36019.jar to classpath.
[22:50:54] [main/DEBUG] (FabricLoader/Knot) Adding C:\Users\konko_t1pm617\Documents\GitHub\Base-Mod-1.21.1\.gradle\loom-cache\remapped_mods\net_fabricmc_yarn_1_21_1_1_21_1_build_3_v2\net\fabricmc\fabric-api\fabric-message-api-v1\6.0.13+6573ed8c19\fabric-message-api-v1-6.0.13+6573ed8c19.jar to classpath.
[22:50:54] [main/DEBUG] (FabricLoader/Knot) Adding C:\Users\konko_t1pm617\Documents\GitHub\Base-Mod-1.21.1\.gradle\loom-cache\remapped_mods\net_fabricmc_yarn_1_21_1_1_21_1_build_3_v2\net\fabricmc\fabric-api\fabric-recipe-api-v1\5.0.12+6508971219\fabric-recipe-api-v1-5.0.12+6508971219.jar to classpath.
[22:50:54] [main/DEBUG] (FabricLoader/Knot) Adding C:\Users\konko_t1pm617\Documents\GitHub\Base-Mod-1.21.1\.gradle\loom-cache\remapped_mods\net_fabricmc_yarn_1_21_1_1_21_1_build_3_v2\net\fabricmc\fabric-api\fabric-networking-api-v1\4.2.2+60c3209b19\fabric-networking-api-v1-4.2.2+60c3209b19.jar to classpath.
[22:50:54] [main/DEBUG] (FabricLoader/Knot) Adding C:\Users\konko_t1pm617\Documents\GitHub\Base-Mod-1.21.1\.gradle\loom-cache\remapped_mods\net_fabricmc_yarn_1_21_1_1_21_1_build_3_v2\net\fabricmc\fabric-api\fabric-api\0.104.0+1.21.1\fabric-api-0.104.0+1.21.1.jar to classpath.
[22:50:54] [main/DEBUG] (FabricLoader/Knot) Adding C:\Users\konko_t1pm617\Documents\GitHub\Base-Mod-1.21.1\.gradle\loom-cache\remapped_mods\net_fabricmc_yarn_1_21_1_1_21_1_build_3_v2\net\fabricmc\fabric-api\fabric-command-api-v1\1.2.49+f71b366f19\fabric-command-api-v1-1.2.49+f71b366f19.jar to classpath.
[22:50:54] [main/DEBUG] (FabricLoader/Knot) Adding C:\Users\konko_t1pm617\Documents\GitHub\Base-Mod-1.21.1\.gradle\loom-cache\remapped_mods\net_fabricmc_yarn_1_21_1_1_21_1_build_3_v2\net\fabricmc\fabric-api\fabric-biome-api-v1\13.0.29+5bd9f1bc19\fabric-biome-api-v1-13.0.29+5bd9f1bc19.jar to classpath.
[22:50:54] [main/DEBUG] (FabricLoader/Knot) Adding C:\Users\konko_t1pm617\Documents\GitHub\Base-Mod-1.21.1\.gradle\loom-cache\remapped_mods\net_fabricmc_yarn_1_21_1_1_21_1_build_3_v2\net\fabricmc\fabric-api\fabric-block-api-v1\1.0.22+0af3f5a719\fabric-block-api-v1-1.0.22+0af3f5a719.jar to classpath.
[22:50:54] [main/DEBUG] (FabricLoader/Knot) Adding C:\Users\konko_t1pm617\Documents\GitHub\Base-Mod-1.21.1\.gradle\loom-cache\remapped_mods\net_fabricmc_yarn_1_21_1_1_21_1_build_3_v2\net\fabricmc\fabric-api\fabric-registry-sync-v0\5.1.2+60c3209b19\fabric-registry-sync-v0-5.1.2+60c3209b19.jar to classpath.
[22:50:54] [main/DEBUG] (FabricLoader/Knot) Adding C:\Users\konko_t1pm617\Documents\GitHub\Base-Mod-1.21.1\.gradle\loom-cache\remapped_mods\net_fabricmc_yarn_1_21_1_1_21_1_build_3_v2\net\fabricmc\fabric-api\fabric-crash-report-info-v1\0.2.29+0af3f5a719\fabric-crash-report-info-v1-0.2.29+0af3f5a719.jar to classpath.
[22:50:54] [main/DEBUG] (FabricLoader/Knot) Adding C:\Users\konko_t1pm617\Documents\GitHub\Base-Mod-1.21.1\.gradle\loom-cache\remapped_mods\net_fabricmc_yarn_1_21_1_1_21_1_build_3_v2\net\fabricmc\fabric-api\fabric-rendering-data-attachment-v1\0.3.48+73761d2e19\fabric-rendering-data-attachment-v1-0.3.48+73761d2e19.jar to classpath.
[22:50:54] [main/DEBUG] (FabricLoader/Knot) Adding C:\Users\konko_t1pm617\Documents\GitHub\Base-Mod-1.21.1\.gradle\loom-cache\remapped_mods\net_fabricmc_yarn_1_21_1_1_21_1_build_3_v2\net\fabricmc\fabric-api\fabric-convention-tags-v2\2.7.0+4053855719\fabric-convention-tags-v2-2.7.0+4053855719.jar to classpath.
[22:50:54] [main/DEBUG] (FabricLoader/Knot) Adding C:\Users\konko_t1pm617\.gradle\caches\modules-2\files-2.1\io.github.llamalad7\mixinextras-fabric\0.4.1\8d1a9e96afb990367fa1f904d17580d164da72e3\mixinextras-fabric-0.4.1.jar to classpath.
[22:50:54] [main/DEBUG] (FabricLoader/Knot) Adding C:\Users\konko_t1pm617\Documents\GitHub\Base-Mod-1.21.1\.gradle\loom-cache\remapped_mods\net_fabricmc_yarn_1_21_1_1_21_1_build_3_v2\net\fabricmc\fabric-api\fabric-particles-v1\4.0.2+6573ed8c19\fabric-particles-v1-4.0.2+6573ed8c19.jar to classpath.
[22:50:54] [main/DEBUG] (FabricLoader/Knot) Adding C:\Users\konko_t1pm617\Documents\GitHub\Base-Mod-1.21.1\.gradle\loom-cache\remapped_mods\net_fabricmc_yarn_1_21_1_1_21_1_build_3_v2\net\fabricmc\fabric-api\fabric-transfer-api-v1\5.2.0+d38f898f19\fabric-transfer-api-v1-5.2.0+d38f898f19.jar to classpath.
[22:50:54] [main/DEBUG] (FabricLoader/Knot) Adding C:\Users\konko_t1pm617\Documents\GitHub\Base-Mod-1.21.1\.gradle\loom-cache\remapped_mods\net_fabricmc_yarn_1_21_1_1_21_1_build_3_v2\net\fabricmc\fabric-api\fabric-transitive-access-wideners-v1\6.1.0+1daea21519\fabric-transitive-access-wideners-v1-6.1.0+1daea21519.jar to classpath.
[22:50:54] [main/DEBUG] (FabricLoader/Knot) Adding C:\Users\konko_t1pm617\Documents\GitHub\Base-Mod-1.21.1\.gradle\loom-cache\remapped_mods\net_fabricmc_yarn_1_21_1_1_21_1_build_3_v2\net\fabricmc\fabric-api\fabric-command-api-v2\2.2.28+6ced4dd919\fabric-command-api-v2-2.2.28+6ced4dd919.jar to classpath.
[22:50:54] [main/DEBUG] (FabricLoader/Knot) Adding C:\Users\konko_t1pm617\Documents\GitHub\Base-Mod-1.21.1\.gradle\loom-cache\remapped_mods\net_fabricmc_yarn_1_21_1_1_21_1_build_3_v2\net\fabricmc\fabric-api\fabric-entity-events-v1\1.7.0+2122d82819\fabric-entity-events-v1-1.7.0+2122d82819.jar to classpath.
[22:50:54] [main/DEBUG] (FabricLoader/Knot) Adding C:\Users\konko_t1pm617\Documents\GitHub\Base-Mod-1.21.1\.gradle\loom-cache\remapped_mods\net_fabricmc_yarn_1_21_1_1_21_1_build_3_v2\net\fabricmc\fabric-api\fabric-rendering-fluids-v1\3.1.6+1daea21519\fabric-rendering-fluids-v1-3.1.6+1daea21519.jar to classpath.
[22:50:54] [main/DEBUG] (FabricLoader/Knot) Adding C:\Users\konko_t1pm617\Documents\GitHub\Base-Mod-1.21.1\.gradle\loom-cache\remapped_mods\net_fabricmc_yarn_1_21_1_1_21_1_build_3_v2\net\fabricmc\fabric-api\fabric-screen-handler-api-v1\1.3.86+b559734419\fabric-screen-handler-api-v1-1.3.86+b559734419.jar to classpath.
[22:50:54] [main/DEBUG] (FabricLoader/Knot) Adding C:\Users\konko_t1pm617\Documents\GitHub\Base-Mod-1.21.1\.gradle\loom-cache\remapped_mods\net_fabricmc_yarn_1_21_1_1_21_1_build_3_v2\net\fabricmc\fabric-api\fabric-convention-tags-v1\2.0.22+7f945d5b19\fabric-convention-tags-v1-2.0.22+7f945d5b19.jar to classpath.
[22:50:54] [main/DEBUG] (FabricLoader/Knot) Adding C:\Users\konko_t1pm617\Documents\GitHub\Base-Mod-1.21.1\.gradle\loom-cache\remapped_mods\net_fabricmc_yarn_1_21_1_1_21_1_build_3_v2\net\fabricmc\fabric-api\fabric-item-group-api-v1\4.1.5+3fc0e55219\fabric-item-group-api-v1-4.1.5+3fc0e55219.jar to classpath.
[22:50:54] [main/DEBUG] (FabricLoader/Knot) Adding C:\Users\konko_t1pm617\Documents\GitHub\Base-Mod-1.21.1\.gradle\loom-cache\remapped_mods\net_fabricmc_yarn_1_21_1_1_21_1_build_3_v2\net\fabricmc\fabric-api\fabric-data-attachment-api-v1\1.1.28+1daea21519\fabric-data-attachment-api-v1-1.1.28+1daea21519.jar to classpath.
[22:50:54] [main/DEBUG] (FabricLoader/Entrypoint) Registering new-style initializer net.fabricmc.fabric.impl.event.interaction.client.InteractionEventsRouterClient for mod fabric-events-interaction-v0 (key client)
[22:50:54] [main/DEBUG] (FabricLoader/Entrypoint) Registering new-style initializer net.fabricmc.fabric.impl.event.interaction.InteractionEventsRouter for mod fabric-events-interaction-v0 (key main)
[22:50:54] [main/DEBUG] (FabricLoader/Entrypoint) Registering new-style initializer net.fabricmc.fabric.impl.gametest.FabricGameTestModInitializer for mod fabric-gametest-api-v1 (key main)
[22:50:54] [main/DEBUG] (FabricLoader/Entrypoint) Registering new-style initializer net.dante.basemod.BaseModDataGenerator for mod basemod (key fabric-datagen)
[22:50:54] [main/DEBUG] (FabricLoader/Entrypoint) Registering new-style initializer net.dante.basemod.BaseModClient for mod basemod (key client)
[22:50:54] [main/DEBUG] (FabricLoader/Entrypoint) Registering new-style initializer net.dante.basemod.BaseMod for mod basemod (key main)
[22:50:54] [main/DEBUG] (FabricLoader/Entrypoint) Registering new-style initializer net.fabricmc.fabric.impl.lookup.ApiLookupImpl for mod fabric-api-lookup-api-v1 (key main)
[22:50:54] [main/DEBUG] (FabricLoader/Entrypoint) Registering new-style initializer net.fabricmc.fabric.impl.resource.conditions.ResourceConditionsImpl for mod fabric-resource-conditions-api-v1 (key main)
[22:50:54] [main/DEBUG] (FabricLoader/Entrypoint) Registering new-style initializer net.fabricmc.fabric.impl.loot.v2.LootInitializer for mod fabric-loot-api-v2 (key main)
[22:50:54] [main/DEBUG] (FabricLoader/Entrypoint) Registering new-style initializer net.fabricmc.fabric.impl.client.event.lifecycle.ClientLifecycleEventsImpl for mod fabric-lifecycle-events-v1 (key client)
[22:50:54] [main/DEBUG] (FabricLoader/Entrypoint) Registering new-style initializer net.fabricmc.fabric.impl.event.lifecycle.LifecycleEventsImpl for mod fabric-lifecycle-events-v1 (key main)
[22:50:54] [main/DEBUG] (FabricLoader/Entrypoint) Registering new-style initializer net.fabricmc.fabric.impl.recipe.ingredient.client.CustomIngredientSyncClient for mod fabric-recipe-api-v1 (key client)
[22:50:54] [main/DEBUG] (FabricLoader/Entrypoint) Registering new-style initializer net.fabricmc.fabric.impl.recipe.ingredient.CustomIngredientInit for mod fabric-recipe-api-v1 (key main)
[22:50:54] [main/DEBUG] (FabricLoader/Entrypoint) Registering new-style initializer net.fabricmc.fabric.impl.recipe.ingredient.CustomIngredientSync for mod fabric-recipe-api-v1 (key main)
[22:50:54] [main/DEBUG] (FabricLoader/Entrypoint) Registering new-style initializer net.fabricmc.fabric.impl.networking.client.ClientNetworkingImpl::clientInit for mod fabric-networking-api-v1 (key client)
[22:50:54] [main/DEBUG] (FabricLoader/Entrypoint) Registering new-style initializer net.fabricmc.fabric.impl.networking.CommonPacketsImpl::init for mod fabric-networking-api-v1 (key main)
[22:50:54] [main/DEBUG] (FabricLoader/Entrypoint) Registering new-style initializer net.fabricmc.fabric.impl.networking.NetworkingImpl::init for mod fabric-networking-api-v1 (key main)
[22:50:54] [main/DEBUG] (FabricLoader/Entrypoint) Registering new-style initializer net.fabricmc.fabric.impl.command.v1.LegacyHandler for mod fabric-command-api-v1 (key main)
[22:50:54] [main/DEBUG] (FabricLoader/Entrypoint) Registering new-style initializer net.fabricmc.fabric.impl.client.registry.sync.FabricRegistryClientInit for mod fabric-registry-sync-v0 (key client)
[22:50:54] [main/DEBUG] (FabricLoader/Entrypoint) Registering new-style initializer net.fabricmc.fabric.impl.registry.sync.FabricRegistryInit for mod fabric-registry-sync-v0 (key main)
[22:50:54] [main/DEBUG] (FabricLoader/Entrypoint) Registering new-style initializer net.fabricmc.fabric.impl.tag.convention.v2.TranslationConventionLogWarnings for mod fabric-convention-tags-v2 (key main)
[22:50:54] [main/DEBUG] (FabricLoader/Entrypoint) Registering new-style initializer net.fabricmc.fabric.impl.screenhandler.client.ClientNetworking for mod fabric-screen-handler-api-v1 (key client)
[22:50:54] [main/DEBUG] (FabricLoader/Entrypoint) Registering new-style initializer net.fabricmc.fabric.impl.screenhandler.Networking for mod fabric-screen-handler-api-v1 (key main)
[22:50:54] [main/DEBUG] (FabricLoader/Entrypoint) Registering new-style initializer net.fabricmc.fabric.impl.tag.convention.ConventionLogWarnings for mod fabric-convention-tags-v1 (key main)
[22:50:54] [main/DEBUG] (FabricLoader/Entrypoint) Registering new-style initializer net.fabricmc.fabric.impl.attachment.AttachmentEntrypoint for mod fabric-data-attachment-api-v1 (key main)
