[21:42:20] [main/INFO] (FabricLoader/GameProvider) Loading Minecraft 1.21.5 with Fabric Loader 0.16.12
[21:42:20] [main/INFO] (FabricLoader) Loading 55 mods:
	- basemod 1.0.0
	- fabric-api 0.119.6+1.21.5
	- fabric-api-base 0.4.62+73a52b4b49
	- fabric-api-lookup-api-v1 1.6.95+86c3a9f149
	- fabric-biome-api-v1 16.0.7+2dd063df49
	- fabric-block-api-v1 1.0.37+86c3a9f149
	- fabric-block-view-api-v2 1.0.26+aa6d566c49
	- fabric-blockrenderlayer-v1 2.0.16+86c3a9f149
	- fabric-client-gametest-api-v1 4.1.10+f3ffa98949
	- fabric-client-tags-api-v1 1.1.37+86c3a9f149
	- fabric-command-api-v1 1.2.70+f71b366f49
	- fabric-command-api-v2 2.2.49+73a52b4b49
	- fabric-commands-v0 0.2.87+df3654b349
	- fabric-content-registries-v0 10.0.11+216530c849
	- fabric-convention-tags-v1 2.1.28+7f945d5b49
	- fabric-convention-tags-v2 2.14.2+7d35484649
	- fabric-crash-report-info-v1 0.3.12+86c3a9f149
	- fabric-data-attachment-api-v1 1.6.6+7b20cbb049
	- fabric-data-generation-api-v1 22.3.2+d94614b849
	- fabric-dimensions-v1 4.0.16+86c3a9f149
	- fabric-entity-events-v1 2.0.25+27c1078f49
	- fabric-events-interaction-v0 4.0.13+73a52b4b49
	- fabric-game-rule-api-v1 1.0.70+c327076a49
	- fabric-gametest-api-v1 3.1.2+2a6ec84b49
	- fabric-item-api-v1 11.3.1+eeb42f0249
	- fabric-item-group-api-v1 4.2.8+3459fc6149
	- fabric-key-binding-api-v1 1.0.63+ecf51cdc49
	- fabric-keybindings-v0 0.2.61+df3654b349
	- fabric-lifecycle-events-v1 2.5.13+5cbce67349
	- fabric-loot-api-v2 3.0.47+3f89f5a549
	- fabric-loot-api-v3 1.0.35+86c3a9f149
	- fabric-message-api-v1 6.0.33+86c3a9f149
	- fabric-model-loading-api-v1 5.0.3+129968e949
	- fabric-networking-api-v1 4.4.0+f3ffa98949
	- fabric-object-builder-api-v1 21.0.0+7b20cbb049
	- fabric-particles-v1 4.0.22+86c3a9f149
	- fabric-recipe-api-v1 8.1.6+052a85d049
	- fabric-registry-sync-v0 6.1.20+b556383249
	- fabric-renderer-api-v1 6.0.0+55bce67a49
	- fabric-renderer-indigo 3.0.0+55bce67a49
	- fabric-rendering-data-attachment-v1 0.3.64+73761d2e49
	- fabric-rendering-fluids-v1 3.1.27+86c3a9f149
	- fabric-rendering-v1 11.1.11+081cc04349
	- fabric-resource-conditions-api-v1 5.0.21+73a52b4b49
	- fabric-resource-loader-v0 3.1.6+02ca679649
	- fabric-screen-api-v1 2.0.46+86c3a9f149
	- fabric-screen-handler-api-v1 1.3.127+c327076a49
	- fabric-sound-api-v1 1.0.38+86c3a9f149
	- fabric-tag-api-v1 1.0.16+ecf51cdc49
	- fabric-transfer-api-v1 5.4.23+7b20cbb049
	- fabric-transitive-access-wideners-v1 6.3.17+f17a180c49
	- fabricloader 0.16.12
	- java 21
	- minecraft 1.21.5
	- mixinextras 0.4.1
[21:42:20] [main/INFO] (FabricLoader/Mixin) SpongePowered MIXIN Subsystem Version=0.8.7 Source=file:/C:/Users/konko_t1pm617/.gradle/caches/modules-2/files-2.1/net.fabricmc/sponge-mixin/0.15.4+mixin.0.8.7/6a12aacc794f1078458433116e9ed42c1cc98096/sponge-mixin-0.15.4+mixin.0.8.7.jar Service=Knot/Fabric Env=CLIENT
[21:42:20] [main/INFO] (FabricLoader/Mixin) Loaded Fabric development mappings for mixin remapper!
[21:42:21] [main/INFO] (FabricLoader/Mixin) Compatibility level set to JAVA_21
[21:42:22] [main/INFO] (FabricLoader/MixinExtras|Service) Initializing MixinExtras via com.llamalad7.mixinextras.service.MixinExtrasServiceImpl(version=0.4.1).
[21:42:24] [Datafixer Bootstrap/INFO] (Minecraft) 263 Datafixer optimizations took 1496 milliseconds
[21:42:29] [main/INFO] (Minecraft) Completely ignored arguments: [nogui]
[21:42:29] [Render thread/INFO] (Minecraft) Environment: Environment[sessionHost=https://sessionserver.mojang.com, servicesHost=https://api.minecraftservices.com, name=PROD]
[21:42:29] [Render thread/INFO] (Minecraft) Setting user: Player739
[21:42:30] [Render thread/INFO] (basemod) Registering Item Groups for basemod
[21:42:30] [Render thread/INFO] (basemod) Registering Blocks for basemod
[21:42:30] [Render thread/INFO] (Indigo) [Indigo] Registering Indigo renderer!
[21:42:30] [Render thread/INFO] (FabricDataGenHelper) Running data generator for basemod
[21:42:31] [Render thread/INFO] (Minecraft) Starting provider: Base Mod/Tags for minecraft:block
[21:42:31] [Render thread/INFO] (Minecraft) Base Mod/Tags for minecraft:block finished after 17 ms
[21:42:31] [Render thread/INFO] (Minecraft) Starting provider: Base Mod/Tags for minecraft:item
[21:42:31] [Render thread/INFO] (Minecraft) Base Mod/Tags for minecraft:item finished after 0 ms
[21:42:31] [Render thread/INFO] (Minecraft) Starting provider: Base Mod/Block Loot Tables
[21:42:31] [Render thread/INFO] (Minecraft) Base Mod/Block Loot Tables finished after 24 ms
[21:42:31] [Render thread/INFO] (Minecraft) Starting provider: Base Mod/Model Definitions
[21:42:31] [Render thread/INFO] (Minecraft) Base Mod/Model Definitions finished after 117 ms
[21:42:31] [Render thread/INFO] (Minecraft) All providers took: 160 ms
[21:42:31] [Render thread/INFO] (Minecraft) Caching: total files: 180, old count: 178, new count: 181, removed stale: 0, written: 2
