[11:37:04] [main/INFO] (FabricLoader/GameProvider) Loading Minecraft 1.21.1 with Fabric Loader 0.16.5
[11:37:04] [main/INFO] (FabricLoader) Loading 43 mods:
	- basemod 1.0.0
	- fabric-api 0.104.0+1.21.1
	- fabric-api-base 0.4.42+6573ed8c19
	- fabric-api-lookup-api-v1 1.6.68+b559734419
	- fabric-biome-api-v1 13.0.29+5bd9f1bc19
	- fabric-block-api-v1 1.0.22+0af3f5a719
	- fabric-block-view-api-v2 1.0.10+6573ed8c19
	- fabric-command-api-v1 1.2.49+f71b366f19
	- fabric-command-api-v2 2.2.28+6ced4dd919
	- fabric-commands-v0 0.2.66+df3654b319
	- fabric-content-registries-v0 8.0.16+b559734419
	- fabric-convention-tags-v1 2.0.22+7f945d5b19
	- fabric-convention-tags-v2 2.7.0+4053855719
	- fabric-crash-report-info-v1 0.2.29+0af3f5a719
	- fabric-data-attachment-api-v1 1.1.28+1daea21519
	- fabric-data-generation-api-v1 20.2.19+16c4ae2519
	- fabric-dimensions-v1 4.0.0+6fc22b9919
	- fabric-entity-events-v1 1.7.0+2122d82819
	- fabric-events-interaction-v0 0.7.12+ba9dae0619
	- fabric-game-rule-api-v1 1.0.53+6ced4dd919
	- fabric-gametest-api-v1 2.0.4+6fc22b9919
	- fabric-item-api-v1 11.0.0+afdfc92119
	- fabric-item-group-api-v1 4.1.5+3fc0e55219
	- fabric-lifecycle-events-v1 2.3.12+6c1df36019
	- fabric-loot-api-v2 3.0.14+3f89f5a519
	- fabric-loot-api-v3 1.0.2+3f89f5a519
	- fabric-message-api-v1 6.0.13+6573ed8c19
	- fabric-networking-api-v1 4.2.2+60c3209b19
	- fabric-object-builder-api-v1 15.2.0+40875a9319
	- fabric-particles-v1 4.0.2+6573ed8c19
	- fabric-recipe-api-v1 5.0.12+6508971219
	- fabric-registry-sync-v0 5.1.2+60c3209b19
	- fabric-rendering-data-attachment-v1 0.3.48+73761d2e19
	- fabric-rendering-fluids-v1 3.1.6+1daea21519
	- fabric-resource-conditions-api-v1 4.3.0+8dc279b119
	- fabric-resource-loader-v0 1.3.0+5659912919
	- fabric-screen-handler-api-v1 1.3.86+b559734419
	- fabric-transfer-api-v1 5.2.0+d38f898f19
	- fabric-transitive-access-wideners-v1 6.1.0+1daea21519
	- fabricloader 0.16.5
	- java 21
	- minecraft 1.21.1
	- mixinextras 0.4.1
[11:37:04] [main/INFO] (FabricLoader/Mixin) SpongePowered MIXIN Subsystem Version=0.8.7 Source=file:/C:/Users/samue/.gradle/caches/modules-2/files-2.1/net.fabricmc/sponge-mixin/0.15.3+mixin.0.8.7/51ee0a44ab05f6fddd66b09e66b3a16904f9c55d/sponge-mixin-0.15.3+mixin.0.8.7.jar Service=Knot/Fabric Env=SERVER
[11:37:05] [main/INFO] (FabricLoader/Mixin) Loaded Fabric development mappings for mixin remapper!
[11:37:05] [main/INFO] (FabricLoader/Mixin) Compatibility level set to JAVA_17
[11:37:05] [main/INFO] (FabricLoader/Mixin) Compatibility level set to JAVA_21
[11:37:06] [main/INFO] (FabricLoader/MixinExtras|Service) Initializing MixinExtras via com.llamalad7.mixinextras.service.MixinExtrasServiceImpl(version=0.4.1).
[11:37:15] [main/INFO] (basemod) Registering Item Groups for basemod
[11:37:15] [main/INFO] (basemod) Registering Mod Items forbasemod
[11:37:15] [main/INFO] (basemod) Registering Blocks forbasemod
[11:37:15] [main/INFO] (FabricDataGenHelper) Running data generator for basemod
[11:37:16] [main/INFO] (Minecraft) Starting provider: Base Mod/Tags for minecraft:block
[11:37:16] [main/INFO] (Minecraft) Base Mod/Tags for minecraft:block finished after 26 ms
[11:37:16] [main/INFO] (Minecraft) Starting provider: Base Mod/Tags for minecraft:item
[11:37:16] [main/INFO] (Minecraft) Base Mod/Tags for minecraft:item finished after 0 ms
[11:37:16] [main/INFO] (Minecraft) Starting provider: Base Mod/Block Loot Tables
[11:37:16] [main/INFO] (Minecraft) Base Mod/Block Loot Tables finished after 26 ms
[11:37:16] [main/INFO] (Minecraft) Starting provider: Base Mod/Model Definitions
[11:37:16] [main/INFO] (Minecraft) Base Mod/Model Definitions finished after 79 ms
[11:37:16] [main/INFO] (Minecraft) All providers took: 134 ms
[11:37:16] [main/WARN] (Minecraft) Failed to delete file C:\Users\samue\Projects\Mods\Base-Mod-1.21.1\src\main\generated\logs\debug.log
java.nio.file.FileSystemException: C:\Users\samue\Projects\Mods\Base-Mod-1.21.1\src\main\generated\logs\debug.log: The process cannot access the file because it is being used by another process
	at java.base/sun.nio.fs.WindowsException.translateToIOException(WindowsException.java:92) ~[?:?]
	at java.base/sun.nio.fs.WindowsException.rethrowAsIOException(WindowsException.java:103) ~[?:?]
	at java.base/sun.nio.fs.WindowsException.rethrowAsIOException(WindowsException.java:108) ~[?:?]
	at java.base/sun.nio.fs.WindowsFileSystemProvider.implDelete(WindowsFileSystemProvider.java:273) ~[?:?]
	at java.base/sun.nio.fs.AbstractFileSystemProvider.delete(AbstractFileSystemProvider.java:104) ~[?:?]
	at java.base/java.nio.file.Files.delete(Files.java:1152) ~[?:?]
	at net.minecraft.data.DataCache$1.visitFile(DataCache.java:129) [minecraft-merged-c2b31d572c-1.21.1-net.fabricmc.yarn.1_21_1.1.21.1+build.3-v2.jar:?]
	at net.minecraft.data.DataCache$1.visitFile(DataCache.java:119) [minecraft-merged-c2b31d572c-1.21.1-net.fabricmc.yarn.1_21_1.1.21.1+build.3-v2.jar:?]
	at java.base/java.nio.file.Files.walkFileTree(Files.java:2786) [?:?]
	at java.base/java.nio.file.Files.walkFileTree(Files.java:2857) [?:?]
	at net.minecraft.data.DataCache.write(DataCache.java:119) [minecraft-merged-c2b31d572c-1.21.1-net.fabricmc.yarn.1_21_1.1.21.1+build.3-v2.jar:?]
	at net.minecraft.data.DataGenerator.run(DataGenerator.java:49) [minecraft-merged-c2b31d572c-1.21.1-net.fabricmc.yarn.1_21_1.1.21.1+build.3-v2.jar:?]
	at net.fabricmc.fabric.impl.datagen.FabricDataGenHelper.runInternal(FabricDataGenHelper.java:151) [fabric-data-generation-api-v1-20.2.19+16c4ae2519.jar:?]
	at net.fabricmc.fabric.impl.datagen.FabricDataGenHelper.run(FabricDataGenHelper.java:95) [fabric-data-generation-api-v1-20.2.19+16c4ae2519.jar:?]
	at net.minecraft.server.Main.handler$zbb000$fabric-data-generation-api-v1$main(Main.java:1035) [minecraft-merged-c2b31d572c-1.21.1-net.fabricmc.yarn.1_21_1.1.21.1+build.3-v2.jar:?]
	at net.minecraft.server.Main.main(Main.java:109) [minecraft-merged-c2b31d572c-1.21.1-net.fabricmc.yarn.1_21_1.1.21.1+build.3-v2.jar:?]
	at net.fabricmc.loader.impl.game.minecraft.MinecraftGameProvider.launch(MinecraftGameProvider.java:480) [fabric-loader-0.16.5.jar:?]
	at net.fabricmc.loader.impl.launch.knot.Knot.launch(Knot.java:74) [fabric-loader-0.16.5.jar:?]
	at net.fabricmc.loader.impl.launch.knot.KnotServer.main(KnotServer.java:23) [fabric-loader-0.16.5.jar:?]
	at net.fabricmc.devlaunchinjector.Main.main(Main.java:86) [dev-launch-injector-0.2.1+build.8.jar:?]
[11:37:16] [main/WARN] (Minecraft) Failed to delete file C:\Users\samue\Projects\Mods\Base-Mod-1.21.1\src\main\generated\logs\latest.log
java.nio.file.FileSystemException: C:\Users\samue\Projects\Mods\Base-Mod-1.21.1\src\main\generated\logs\latest.log: The process cannot access the file because it is being used by another process
	at java.base/sun.nio.fs.WindowsException.translateToIOException(WindowsException.java:92) ~[?:?]
	at java.base/sun.nio.fs.WindowsException.rethrowAsIOException(WindowsException.java:103) ~[?:?]
	at java.base/sun.nio.fs.WindowsException.rethrowAsIOException(WindowsException.java:108) ~[?:?]
	at java.base/sun.nio.fs.WindowsFileSystemProvider.implDelete(WindowsFileSystemProvider.java:273) ~[?:?]
	at java.base/sun.nio.fs.AbstractFileSystemProvider.delete(AbstractFileSystemProvider.java:104) ~[?:?]
	at java.base/java.nio.file.Files.delete(Files.java:1152) ~[?:?]
	at net.minecraft.data.DataCache$1.visitFile(DataCache.java:129) [minecraft-merged-c2b31d572c-1.21.1-net.fabricmc.yarn.1_21_1.1.21.1+build.3-v2.jar:?]
	at net.minecraft.data.DataCache$1.visitFile(DataCache.java:119) [minecraft-merged-c2b31d572c-1.21.1-net.fabricmc.yarn.1_21_1.1.21.1+build.3-v2.jar:?]
	at java.base/java.nio.file.Files.walkFileTree(Files.java:2786) [?:?]
	at java.base/java.nio.file.Files.walkFileTree(Files.java:2857) [?:?]
	at net.minecraft.data.DataCache.write(DataCache.java:119) [minecraft-merged-c2b31d572c-1.21.1-net.fabricmc.yarn.1_21_1.1.21.1+build.3-v2.jar:?]
	at net.minecraft.data.DataGenerator.run(DataGenerator.java:49) [minecraft-merged-c2b31d572c-1.21.1-net.fabricmc.yarn.1_21_1.1.21.1+build.3-v2.jar:?]
	at net.fabricmc.fabric.impl.datagen.FabricDataGenHelper.runInternal(FabricDataGenHelper.java:151) [fabric-data-generation-api-v1-20.2.19+16c4ae2519.jar:?]
	at net.fabricmc.fabric.impl.datagen.FabricDataGenHelper.run(FabricDataGenHelper.java:95) [fabric-data-generation-api-v1-20.2.19+16c4ae2519.jar:?]
	at net.minecraft.server.Main.handler$zbb000$fabric-data-generation-api-v1$main(Main.java:1035) [minecraft-merged-c2b31d572c-1.21.1-net.fabricmc.yarn.1_21_1.1.21.1+build.3-v2.jar:?]
	at net.minecraft.server.Main.main(Main.java:109) [minecraft-merged-c2b31d572c-1.21.1-net.fabricmc.yarn.1_21_1.1.21.1+build.3-v2.jar:?]
	at net.fabricmc.loader.impl.game.minecraft.MinecraftGameProvider.launch(MinecraftGameProvider.java:480) [fabric-loader-0.16.5.jar:?]
	at net.fabricmc.loader.impl.launch.knot.Knot.launch(Knot.java:74) [fabric-loader-0.16.5.jar:?]
	at net.fabricmc.loader.impl.launch.knot.KnotServer.main(KnotServer.java:23) [fabric-loader-0.16.5.jar:?]
	at net.fabricmc.devlaunchinjector.Main.main(Main.java:86) [dev-launch-injector-0.2.1+build.8.jar:?]
[11:37:16] [main/INFO] (Minecraft) Caching: total files: 140, old count: 135, new count: 138, removed stale: 3, written: 5
